0 info it worked if it ends with ok
1 verbose cli [ '/usr/local/bin/node',
1 verbose cli   '/usr/local/bin/npm',
1 verbose cli   'install',
1 verbose cli   'ngmap',
1 verbose cli   '--save-dev' ]
2 info using npm@3.10.10
3 info using node@v6.10.2
4 silly loadCurrentTree Starting
5 silly install loadCurrentTree
6 silly install readLocalPackageData
7 silly fetchPackageMetaData ngmap
8 silly fetchNamedPackageData ngmap
9 silly mapToRegistry name ngmap
10 silly mapToRegistry using default registry
11 silly mapToRegistry registry https://registry.npmjs.org/
12 silly mapToRegistry data Result {
12 silly mapToRegistry   raw: 'ngmap',
12 silly mapToRegistry   scope: null,
12 silly mapToRegistry   escapedName: 'ngmap',
12 silly mapToRegistry   name: 'ngmap',
12 silly mapToRegistry   rawSpec: '',
12 silly mapToRegistry   spec: 'latest',
12 silly mapToRegistry   type: 'tag' }
13 silly mapToRegistry uri https://registry.npmjs.org/ngmap
14 verbose request uri https://registry.npmjs.org/ngmap
15 verbose request no auth needed
16 info attempt registry request try #1 at 12:26:56
17 verbose request id 963fbeff15654d1c
18 http request GET https://registry.npmjs.org/ngmap
19 http 200 https://registry.npmjs.org/ngmap
20 verbose headers { server: 'nginx/1.10.1',
20 verbose headers   'content-type': 'application/json',
20 verbose headers   'last-modified': 'Wed, 03 May 2017 02:36:31 GMT',
20 verbose headers   etag: 'W/"5909422f-1a89d"',
20 verbose headers   'content-encoding': 'gzip',
20 verbose headers   'cache-control': 'max-age=300',
20 verbose headers   'content-length': '10243',
20 verbose headers   'accept-ranges': 'bytes',
20 verbose headers   date: 'Fri, 02 Jun 2017 10:26:56 GMT',
20 verbose headers   via: '1.1 varnish',
20 verbose headers   age: '281',
20 verbose headers   connection: 'keep-alive',
20 verbose headers   'x-served-by': 'cache-lhr6333-LHR',
20 verbose headers   'x-cache': 'HIT',
20 verbose headers   'x-cache-hits': '1',
20 verbose headers   'x-timer': 'S1496399217.585683,VS0,VE1',
20 verbose headers   vary: 'Accept-Encoding' }
21 silly get cb [ 200,
21 silly get   { server: 'nginx/1.10.1',
21 silly get     'content-type': 'application/json',
21 silly get     'last-modified': 'Wed, 03 May 2017 02:36:31 GMT',
21 silly get     etag: 'W/"5909422f-1a89d"',
21 silly get     'content-encoding': 'gzip',
21 silly get     'cache-control': 'max-age=300',
21 silly get     'content-length': '10243',
21 silly get     'accept-ranges': 'bytes',
21 silly get     date: 'Fri, 02 Jun 2017 10:26:56 GMT',
21 silly get     via: '1.1 varnish',
21 silly get     age: '281',
21 silly get     connection: 'keep-alive',
21 silly get     'x-served-by': 'cache-lhr6333-LHR',
21 silly get     'x-cache': 'HIT',
21 silly get     'x-cache-hits': '1',
21 silly get     'x-timer': 'S1496399217.585683,VS0,VE1',
21 silly get     vary: 'Accept-Encoding' } ]
22 verbose get saving ngmap to /Users/krychylskyy/.npm/registry.npmjs.org/ngmap/.cache.json
23 verbose correctMkdir /Users/krychylskyy/.npm correctMkdir not in flight; initializing
24 silly install normalizeTree
25 silly loadCurrentTree Finishing
26 silly loadIdealTree Starting
27 silly install loadIdealTree
28 silly cloneCurrentTree Starting
29 silly install cloneCurrentTreeToIdealTree
30 silly cloneCurrentTree Finishing
31 silly loadShrinkwrap Starting
32 silly install loadShrinkwrap
33 silly loadShrinkwrap Finishing
34 silly loadAllDepsIntoIdealTree Starting
35 silly install loadAllDepsIntoIdealTree
36 silly rollbackFailedOptional Starting
37 silly rollbackFailedOptional Finishing
38 silly runTopLevelLifecycles Finishing
39 silly install printInstalled
40 verbose stack Error: Refusing to install ngmap as a dependency of itself
40 verbose stack     at checkSelf (/usr/local/lib/node_modules/npm/lib/install/validate-args.js:53:14)
40 verbose stack     at Array.<anonymous> (/usr/local/lib/node_modules/npm/node_modules/slide/lib/bind-actor.js:15:8)
40 verbose stack     at LOOP (/usr/local/lib/node_modules/npm/node_modules/slide/lib/chain.js:15:14)
40 verbose stack     at chain (/usr/local/lib/node_modules/npm/node_modules/slide/lib/chain.js:20:5)
40 verbose stack     at /usr/local/lib/node_modules/npm/lib/install/validate-args.js:16:5
40 verbose stack     at /usr/local/lib/node_modules/npm/node_modules/slide/lib/async-map.js:52:35
40 verbose stack     at Array.forEach (native)
40 verbose stack     at /usr/local/lib/node_modules/npm/node_modules/slide/lib/async-map.js:52:11
40 verbose stack     at Array.forEach (native)
40 verbose stack     at asyncMap (/usr/local/lib/node_modules/npm/node_modules/slide/lib/async-map.js:51:8)
41 verbose cwd /Applications/MAMP/htdocs/test_map_api/sites/all/modules/ngMap
42 error Darwin 15.6.0
43 error argv "/usr/local/bin/node" "/usr/local/bin/npm" "install" "ngmap" "--save-dev"
44 error node v6.10.2
45 error npm  v3.10.10
46 error code ENOSELF
47 error Refusing to install ngmap as a dependency of itself
48 error If you need help, you may report this error at:
48 error     <https://github.com/npm/npm/issues>
49 verbose exit [ 1, true ]
